Mono path[0] = 'C:/Users/LAB-13/Documents/ /Hollow.Knight.v1.5.78.11833/Hollow.Knight.v1.5.78.11833/Hollow Knight_Data/Managed'
Mono config path = 'C:/Users/LAB-13/Documents/ /Hollow.Knight.v1.5.78.11833/Hollow.Knight.v1.5.78.11833/MonoBleedingEdge/etc'
Initialize engine version: 2020.2.2f1 (068178b99f32)
[Subsystems] Discovering subsystems at path C:/Users/LAB-13/Documents/ /Hollow.Knight.v1.5.78.11833/Hollow.Knight.v1.5.78.11833/Hollow Knight_Data/UnitySubsystems
GfxDevice: creating device client; threaded=1
Direct3D:
    Version:  Direct3D 11.0 [level 11.1]
    Renderer: Intel(R) UHD Graphics 630 (ID=0x9bc8)
    Vendor:   
    VRAM:     4009 MB
    Driver:   31.0.101.2111
Begin MonoManager ReloadAssembly
- Completed reload, in  3.838 seconds
OnLevelWasLoaded was found on GameMap
This message has been deprecated and will be removed in a later version of Unity.
Add a delegate to SceneManager.sceneLoaded instead to get notifications after scene loading has completed

OnLevelWasLoaded was found on PlayMakerUnity2d
This message has been deprecated and will be removed in a later version of Unity.
Add a delegate to SceneManager.sceneLoaded instead to get notifications after scene loading has completed

D3D11 device created for Microsoft Media Foundation video decoding.
<RI> Initializing input.
XInput1_3.dll not found. Trying XInput9_1_0.dll instead...
<RI> Input initialized.
<RI> Initialized touch support.
The class named 'ConfigManager' is abstract. The script class can't be abstract!

UnloadTime: 41.952500 ms
Graphics tier changed to High

GOG signing in...

Selected online subsystem GOGGalaxyOnlineSubsystem

Discovered supported languages: DE, EN, ES, FR, IT, JA, KO, PT, RU, ZH

Unloading 5 Unused Serialized files (Serialized files now loaded: 0)
Loaded saved language code 'PT'

Restored language code 'PT'


Unloading 362 unused Assets to reduce memory usage. Loaded Objects now: 3824.
Total: 254.464100 ms (FindLiveObjects: 0.629300 ms CreateObjectMapping: 0.509200 ms MarkObjects: 252.989700 ms  DeleteObjects: 0.334300 ms)

Unloading 5 Unused Serialized files (Serialized files now loaded: 0)
GOG authorization failed: FAILURE_REASON_GALAXY_SERVICE_NOT_AVAILABLE

Didn't need to wait for PlayerPrefs load.

UnloadTime: 7.764100 ms
DontDestroyOnLoad only works for root GameObjects or components on root GameObjects.

Performing automatic level start.

Game controller set to None.

pd.maxHealth: 9 pd.maxHealthBase: 9

Error while loading save file for slot 4 Exception: System.Runtime.Serialization.SerializationException: Binary stream '0' does not contain a valid BinaryHeader. Possible causes are invalid stream or object version change between serialization and deserialization.
  at System.Runtime.Serialization.Formatters.Binary.__BinaryParser.Run () [0x0011b] in <2b3a3162be434770b7a4fac8b896e90c>:0 
  at System.Runtime.Serialization.Formatters.Binary.ObjectReader.Deserialize (System.Runtime.Remoting.Messaging.HeaderHandler handler, System.Runtime.Serialization.Formatters.Binary.__BinaryParser serParser, System.Boolean fCheck) [0x0007f] in <2b3a3162be434770b7a4fac8b896e90c>:0 
  at System.Runtime.Serialization.Formatters.Binary.BinaryFormatter.Deserialize (System.IO.Stream serializationStream, System.Runtime.Remoting.Messaging.HeaderHandler handler, System.Boolean fCheck) [0x000a2] in <2b3a3162be434770b7a4fac8b896e90c>:0 
  at System.Runtime.Serialization.Formatters.Binary.BinaryFormatter.Deserialize (System.IO.Stream serializationStream, System.Runtime.Remoting.Messaging.HeaderHandler handler) [0x00000] in <2b3a3162be434770b7a4fac8b896e90c>:0 
  at System.Runtime.Serialization.Formatters.Binary.BinaryFormatter.Deserialize (System.IO.Stream serializationStream) [0x00000] in <2b3a3162be434770b7a4fac8b896e90c>:0 
  at GameManager+<>c__DisplayClass337_0.<GetSaveStatsForSlot>b__1 (System.Byte[] fileBytes) [0x0006d] in <2b54cdaf7a934f0eb297d50c4090ea9f>:0 


Unloading 30 unused Assets to reduce memory usage. Loaded Objects now: 45152.
Total: 122.265400 ms (FindLiveObjects: 2.346800 ms CreateObjectMapping: 1.667500 ms MarkObjects: 118.132600 ms  DeleteObjects: 0.118200 ms)

Save file 4 clearing...

Save file 4 cleared

Setting up 6 worker threads for Enlighten.
  Thread -> id: 301c -> priority: 1 
  Thread -> id: 2a14 -> priority: 1 
  Thread -> id: 3c6c -> priority: 1 
  Thread -> id: 36e8 -> priority: 1 
  Thread -> id: 3fc4 -> priority: 1 
  Thread -> id: 2758 -> priority: 1 
